<?xml version="1.0" encoding="UTF-8"?>
<!-- Generated by org.testng.reporters.JUnitReportReporter -->
<testsuite hostname="DESKTOP-KL2R9ES" failures="0" tests="1" name="com.ParllelExecution.ClassTwo" time="95.293" errors="0" timestamp="2022-11-22T19:55:13 IST" skipped="0">
  <testcase classname="com.ParllelExecution.ClassTwo" name="testTwo" time="95.293"/>
  <system-out/>
</testsuite> <!-- com.ParllelExecution.ClassTwo -->
