<?xml version="1.0" encoding="UTF-8"?>
<!-- Generated by org.testng.reporters.JUnitReportReporter -->
<testsuite hostname="DESKTOP-KL2R9ES" failures="0" tests="3" name="TestngKeywordAnnotation.KeyWord_TestClass" time="0.034" errors="0" timestamp="2022-11-17T22:07:34 IST" skipped="0">
  <testcase classname="TestngKeywordAnnotation.KeyWord_TestClass" name="TestCase4" time="0.022"/>
  <system-out/>
  <testcase classname="TestngKeywordAnnotation.KeyWord_TestClass" name="TestCase3" time="0.004"/>
  <system-out/>
  <testcase classname="TestngKeywordAnnotation.KeyWord_TestClass" name="TestCase2" time="0.008"/>
  <system-out/>
</testsuite> <!-- TestngKeywordAnnotation.KeyWord_TestClass -->
