<?xml version="1.0" encoding="UTF-8"?>
<!-- Generated by org.testng.reporters.JUnitReportReporter -->
<testsuite hostname="DESKTOP-KL2R9ES" failures="0" tests="2" name="com.ParllelExecution.BikeClass" time="91.995" errors="0" timestamp="2022-11-22T19:58:42 IST" skipped="0">
  <testcase classname="com.ParllelExecution.BikeClass" name="Firsttest" time="61.071"/>
  <system-out/>
  <testcase classname="com.ParllelExecution.BikeClass" name="Firt1test2" time="30.924"/>
  <system-out/>
</testsuite> <!-- com.ParllelExecution.BikeClass -->
