<?xml version="1.0" encoding="UTF-8"?>
<!-- Generated by org.testng.reporters.JUnitReportReporter -->
<testsuite hostname="DESKTOP-KL2R9ES" failures="0" tests="1" name="com.ParllelExecution.ClassOne" time="93.419" errors="0" timestamp="2022-11-22T19:55:13 IST" skipped="0">
  <testcase classname="com.ParllelExecution.ClassOne" name="testOne" time="93.419"/>
  <system-out/>
</testsuite> <!-- com.ParllelExecution.ClassOne -->
