<?xml version="1.0" encoding="UTF-8"?>
<!-- Generated by org.testng.reporters.JUnitReportReporter -->
<testsuite hostname="DESKTOP-KL2R9ES" failures="0" tests="2" name="com.SerialExecution.SerialExecution_Script" time="47.048" errors="0" timestamp="2022-11-21T22:17:07 IST" skipped="0">
  <testcase classname="com.SerialExecution.SerialExecution_Script" name="testTwo" time="25.227"/>
  <system-out/>
  <testcase classname="com.SerialExecution.SerialExecution_Script" name="testOne" time="21.821"/>
  <system-out/>
</testsuite> <!-- com.SerialExecution.SerialExecution_Script -->
