<?xml version="1.0" encoding="UTF-8"?>
<!-- Generated by org.testng.reporters.JUnitReportReporter -->
<testsuite hostname="DESKTOP-KL2R9ES" failures="0" tests="2" name="com.SerialExecution.SerialExecution" time="0.036" errors="0" timestamp="2022-11-21T22:15:54 IST" skipped="0">
  <testcase classname="com.SerialExecution.SerialExecution" name="testOne" time="0.028"/>
  <system-out/>
  <testcase classname="com.SerialExecution.SerialExecution" name="testTwo" time="0.008"/>
  <system-out/>
</testsuite> <!-- com.SerialExecution.SerialExecution -->
