<?xml version="1.0" encoding="UTF-8"?>
<!-- Generated by org.testng.reporters.JUnitReportReporter -->
<testsuite hostname="DESKTOP-KL2R9ES" failures="0" tests="1" name="com.ParllelExecution.ParallelClass" time="14.680" errors="0" timestamp="2022-11-19T22:15:40 IST" skipped="0">
  <testcase classname="com.ParllelExecution.ParallelClass" name="test1" time="14.680"/>
  <system-out/>
</testsuite> <!-- com.ParllelExecution.ParallelClass -->
