<?xml version="1.0" encoding="UTF-8"?>
<!-- Generated by org.testng.reporters.JUnitReportReporter -->
<testsuite hostname="DESKTOP-KL2R9ES" failures="0" tests="5" name="testngGrouping.Cat" time="0.020" errors="0" timestamp="2022-11-17T21:53:38 IST" skipped="0">
  <testcase classname="testngGrouping.Cat" name="Second" time="0.003"/>
  <system-out/>
  <testcase classname="testngGrouping.Cat" name="First" time="0.003"/>
  <system-out/>
  <testcase classname="testngGrouping.Cat" name="Third" time="0.002"/>
  <system-out/>
  <testcase classname="testngGrouping.Cat" name="Fourth" time="0.005"/>
  <system-out/>
  <testcase classname="testngGrouping.Cat" name="Fifth" time="0.007"/>
  <system-out/>
</testsuite> <!-- testngGrouping.Cat -->
