<?xml version="1.0" encoding="UTF-8"?>
<!-- Generated by org.testng.reporters.JUnitReportReporter -->
<testsuite hostname="DESKTOP-KL2R9ES" failures="0" tests="1" name="com.GetAssertion.GetFunctionAssertBoolean" time="49.321" errors="0" timestamp="2022-11-14T21:09:08 IST" skipped="0">
  <testcase classname="com.GetAssertion.GetFunctionAssertBoolean" name="TestCase1" time="49.321"/>
  <system-out/>
</testsuite> <!-- com.GetAssertion.GetFunctionAssertBoolean -->
