<?xml version="1.0" encoding="UTF-8"?>
<!-- Generated by org.testng.reporters.JUnitReportReporter -->
<testsuite hostname="DESKTOP-KL2R9ES" failures="0" tests="1" name="com.GetAssertion.GetFunctionAssert" time="14.729" errors="0" timestamp="2022-11-14T21:46:39 IST" skipped="0">
  <testcase classname="com.GetAssertion.GetFunctionAssert" name="TestCase1" time="14.729"/>
  <system-out/>
</testsuite> <!-- com.GetAssertion.GetFunctionAssert -->
