<?xml version="1.0" encoding="UTF-8"?>
<!-- Generated by org.testng.reporters.JUnitReportReporter -->
<testsuite hostname="DESKTOP-KL2R9ES" failures="0" tests="2" name="com.TestngPgm.TestngClass" time="0.020" errors="0" timestamp="2022-11-15T23:43:12 IST" skipped="0">
  <testcase classname="com.TestngPgm.TestngClass" name="TestCase2" time="0.006"/>
  <system-out/>
  <testcase classname="com.TestngPgm.TestngClass" name="TestCase1" time="0.014"/>
  <system-out/>
</testsuite> <!-- com.TestngPgm.TestngClass -->
