<?xml version="1.0" encoding="UTF-8"?>
<!-- Generated by org.testng.reporters.JUnitReportReporter -->
<testsuite hostname="DESKTOP-KL2R9ES" failures="0" tests="2" name="com.SerialExecution.SerialExecution_DiffScript" time="68.124" errors="0" timestamp="2022-11-19T20:40:00 IST" skipped="0">
  <testcase classname="com.SerialExecution.SerialExecution_DiffScript" name="SecondTwo" time="20.241"/>
  <system-out/>
  <testcase classname="com.SerialExecution.SerialExecution_DiffScript" name="FistOne" time="47.883"/>
  <system-out/>
</testsuite> <!-- com.SerialExecution.SerialExecution_DiffScript -->
