<?xml version="1.0" encoding="UTF-8"?>
<!-- Generated by org.testng.reporters.JUnitReportReporter -->
<testsuite hostname="DESKTOP-KL2R9ES" failures="0" tests="5" name="testngGrouping.Dog" time="0.068" errors="0" timestamp="2022-11-17T21:53:38 IST" skipped="0">
  <testcase classname="testngGrouping.Dog" name="Four" time="0.008"/>
  <system-out/>
  <testcase classname="testngGrouping.Dog" name="Three" time="0.017"/>
  <system-out/>
  <testcase classname="testngGrouping.Dog" name="Two" time="0.015"/>
  <system-out/>
  <testcase classname="testngGrouping.Dog" name="One" time="0.006"/>
  <system-out/>
  <testcase classname="testngGrouping.Dog" name="Five" time="0.022"/>
  <system-out/>
</testsuite> <!-- testngGrouping.Dog -->
