<?xml version="1.0" encoding="UTF-8"?>
<!-- Generated by org.testng.reporters.JUnitReportReporter -->
<testsuite hostname="DESKTOP-KL2R9ES" failures="0" tests="3" name="TestngProgram.TestngClassCombination" time="0.050" errors="0" timestamp="2022-11-15T23:58:26 IST" skipped="0">
  <testcase classname="TestngProgram.TestngClassCombination" name="TestCase4" time="0.020"/>
  <system-out/>
  <testcase classname="TestngProgram.TestngClassCombination" name="TestCase2" time="0.013"/>
  <system-out/>
  <testcase classname="TestngProgram.TestngClassCombination" name="TestCase1" time="0.017"/>
  <system-out/>
</testsuite> <!-- TestngProgram.TestngClassCombination -->
